<?xml version="1.0" encoding="UTF-8" ?>
<testsuite tests="6" failures="0" name="com.sancheck.mybatis.test.StudentMapperTest" time="0.99" errors="0" skipped="0">
  <properties>
    <property name="idea.version" value="2022.2"/>
    <property name="java.runtime.name" value="Java(TM) SE Runtime Environment"/>
    <property name="java.vm.version" value="17.0.4+11-LTS-179"/>
    <property name="sun.boot.library.path" value="/Library/Java/JavaVirtualMachines/jdk-17.0.4.jdk/Contents/Home/lib"/>
    <property name="maven.multiModuleProjectDirectory" value="/Users/fengyuxiang/IdeaProjects/MyBatisStudy/mybatis-007-param"/>
    <property name="java.vm.vendor" value="Oracle Corporation"/>
    <property name="java.vendor.url" value="https://java.oracle.com/"/>
    <property name="guice.disable.misplaced.annotation.check" value="true"/>
    <property name="path.separator" value=":"/>
    <property name="java.vm.name" value="Java HotSpot(TM) 64-Bit Server VM"/>
    <property name="user.script" value="Hans"/>
    <property name="user.country" value="AU"/>
    <property name="sun.java.launcher" value="SUN_STANDARD"/>
    <property name="java.vm.specification.name" value="Java Virtual Machine Specification"/>
    <property name="user.dir" value="/Users/fengyuxiang/IdeaProjects/MyBatisStudy/mybatis-007-param"/>
    <property name="java.vm.compressedOopsMode" value="Zero based"/>
    <property name="java.runtime.version" value="17.0.4+11-LTS-179"/>
    <property name="os.arch" value="aarch64"/>
    <property name="java.io.tmpdir" value="/var/folders/69/x66frj194sx6n33n685nr4340000gn/T/"/>
    <property name="line.separator" value="
"/>
    <property name="java.vm.specification.vendor" value="Oracle Corporation"/>
    <property name="os.name" value="Mac OS X"/>
    <property name="maven.ext.class.path" value="/Applications/IntelliJ IDEA.app/Contents/plugins/maven/lib/maven-event-listener.jar"/>
    <property name="classworlds.conf" value="/Users/fengyuxiang/Downloads/NeatDonwloadManager/Compressed/apache-maven-3.8.7/bin/m2.conf"/>
    <property name="sun.jnu.encoding" value="UTF-8"/>
    <property name="java.library.path" value="/Users/fengyuxiang/Library/Java/Extensions:/Library/Java/Extensions:/Network/Library/Java/Extensions:/System/Library/Java/Extensions:/usr/lib/java:."/>
    <property name="maven.conf" value="/Users/fengyuxiang/Downloads/NeatDonwloadManager/Compressed/apache-maven-3.8.7/conf"/>
    <property name="jdk.debug" value="release"/>
    <property name="java.class.version" value="61.0"/>
    <property name="java.specification.name" value="Java Platform API Specification"/>
    <property name="sun.management.compiler" value="HotSpot 64-Bit Tiered Compilers"/>
    <property name="os.version" value="12.5"/>
    <property name="user.home" value="/Users/fengyuxiang"/>
    <property name="user.timezone" value="Australia/Melbourne"/>
    <property name="file.encoding" value="UTF-8"/>
    <property name="java.specification.version" value="17"/>
    <property name="user.name" value="fengyuxiang"/>
    <property name="java.class.path" value="/Users/fengyuxiang/Downloads/NeatDonwloadManager/Compressed/apache-maven-3.8.7/boot/plexus-classworlds.license:/Users/fengyuxiang/Downloads/NeatDonwloadManager/Compressed/apache-maven-3.8.7/boot/plexus-classworlds-2.6.0.jar"/>
    <property name="java.vm.specification.version" value="17"/>
    <property name="sun.arch.data.model" value="64"/>
    <property name="sun.java.command" value="org.codehaus.classworlds.Launcher -Didea.version=2022.2 -T 8 install"/>
    <property name="java.home" value="/Library/Java/JavaVirtualMachines/jdk-17.0.4.jdk/Contents/Home"/>
    <property name="user.language" value="zh"/>
    <property name="java.specification.vendor" value="Oracle Corporation"/>
    <property name="java.vm.info" value="mixed mode, sharing"/>
    <property name="java.version" value="17.0.4"/>
    <property name="native.encoding" value="UTF-8"/>
    <property name="java.vendor" value="Oracle Corporation"/>
    <property name="maven.home" value="/Users/fengyuxiang/Downloads/NeatDonwloadManager/Compressed/apache-maven-3.8.7"/>
    <property name="file.separator" value="/"/>
    <property name="java.version.date" value="2022-07-19"/>
    <property name="java.vendor.url.bug" value="https://bugreport.java.com/bugreport/"/>
    <property name="sun.io.unicode.encoding" value="UnicodeBig"/>
    <property name="sun.cpu.endian" value="little"/>
  </properties>
  <testcase classname="com.sancheck.mybatis.test.StudentMapperTest" name="testSelectByName" time="0.958"/>
  <testcase classname="com.sancheck.mybatis.test.StudentMapperTest" name="testSelectByBirth" time="0.01"/>
  <testcase classname="com.sancheck.mybatis.test.StudentMapperTest" name="testSelectBySex" time="0.005"/>
  <testcase classname="com.sancheck.mybatis.test.StudentMapperTest" name="testSelectByNameAndSex2" time="0.006"/>
  <testcase classname="com.sancheck.mybatis.test.StudentMapperTest" name="testSelectByNameAndSex" time="0.006"/>
  <testcase classname="com.sancheck.mybatis.test.StudentMapperTest" name="testSelectById" time="0.005"/>
</testsuite>